<?xml version="1.0" encoding="UTF-8"?>
<!-- Generated by org.testng.reporters.JUnitReportReporter -->
<testsuite skipped="0" hostname="LAPTOP-00QR25KJ" name="Multitouch" tests="1" failures="0" timestamp="11 Apr 2018 07:25:59 GMT" time="25.207" errors="0">
  <testcase name="testApp" time="25.207" classname="Multitouch"/>
</testsuite> <!-- Multitouch -->
