<?xml version="1.0" encoding="UTF-8"?>
<!-- Generated by org.testng.reporters.JUnitReportReporter -->
<testsuite skipped="0" hostname="LAPTOP-00QR25KJ" name="Swipe3" tests="1" failures="0" timestamp="11 Apr 2018 07:14:00 GMT" time="57.845" errors="0">
  <testcase name="testApp" time="57.845" classname="Swipe3"/>
</testsuite> <!-- Swipe3 -->
