<?xml version="1.0" encoding="UTF-8"?>
<!-- Generated by org.testng.reporters.JUnitReportReporter -->
<testsuite skipped="0" hostname="LAPTOP-00QR25KJ" name="Amazon2" tests="1" failures="0" timestamp="11 Apr 2018 07:01:22 GMT" time="24.790" errors="0">
  <testcase name="testApp" time="24.790" classname="Amazon2"/>
</testsuite> <!-- Amazon2 -->
